<?xml version="1.0" encoding="UTF-8"?>
<!-- Generated by org.testng.reporters.JUnitXMLReporter -->
<testsuite ignored="0" hostname="DESKTOP-MFHGSSK" failures="0" tests="36" name="Default test" time="309.594" errors="0" timestamp="2022-12-28T15:54:22 IST">
  <testcase classname="testngassignments.xmlassignments3" name="launch" time="3.318"/>
  <testcase classname="testngassignments.xmlassignments3" name="navigation" time="9.835"/>
  <testcase classname="testngassignments.xmlassignments3" name="login" time="5.312"/>
  <testcase classname="testngassignments.xmlassignments3" name="minimize" time="4.087"/>
  <testcase classname="testngassignments.xmlassignments3" name="user1" time="23.881"/>
  <testcase classname="testngassignments.xmlassignments3" name="user2" time="10.787"/>
  <testcase classname="testngassignments.xmlassignments3" name="user3" time="15.703"/>
  <testcase classname="testngassignments.xmlassignments3" name="logout" time="2.36"/>
  <testcase classname="testngassignments.xmlassignments3" name="user1login" time="8.479"/>
  <testcase classname="testngassignments.xmlassignments3" name="user1logout" time="2.315"/>
  <testcase classname="testngassignments.xmlassignments3" name="user2login" time="7.213"/>
  <testcase classname="testngassignments.xmlassignments3" name="user2logout" time="2.32"/>
  <testcase classname="testngassignments.xmlassignments3" name="user3login" time="7.155"/>
  <testcase classname="testngassignments.xmlassignments3" name="user3logout" time="2.309"/>
  <testcase classname="testngassignments.xmlassignments3" name="user1login2" time="5.263"/>
  <testcase classname="testngassignments.xmlassignments3" name="modifyuser1password" time="16.433"/>
  <testcase classname="testngassignments.xmlassignments3" name="logoutasuser1" time="2.379"/>
  <testcase classname="testngassignments.xmlassignments3" name="user2login2" time="10.254"/>
  <testcase classname="testngassignments.xmlassignments3" name="modifyuser2password" time="15.186"/>
  <testcase classname="testngassignments.xmlassignments3" name="logoutasuser2" time="2.335"/>
  <testcase classname="testngassignments.xmlassignments3" name="user3login2" time="10.254"/>
  <testcase classname="testngassignments.xmlassignments3" name="modifyuser3password" time="15.539"/>
  <testcase classname="testngassignments.xmlassignments3" name="logoutasuser3" time="2.376"/>
  <testcase classname="testngassignments.xmlassignments3" name="logiiuser1usingnewpassword" time="10.261"/>
  <testcase classname="testngassignments.xmlassignments3" name="logoutasuser1afterloginwithnewpassword" time="2.652"/>
  <testcase classname="testngassignments.xmlassignments3" name="loginasuser2usingnewpassword" time="10.284"/>
  <testcase classname="testngassignments.xmlassignments3" name="logoutasuser2afterloginwithnewpassword" time="2.681"/>
  <testcase classname="testngassignments.xmlassignments3" name="loginasuser3usingnewpassword" time="10.257"/>
  <testcase classname="testngassignments.xmlassignments3" name="logoutasuser3afterloginwithnewpassword" time="2.33"/>
  <testcase classname="testngassignments.xmlassignments3" name="loginasadmin2ndtime" time="3.245"/>
  <testcase classname="testngassignments.xmlassignments3" name="ModifyPasswordodUseronetwothree2ndtime" time="39.276"/>
  <testcase classname="testngassignments.xmlassignments3" name="loginlogoutofUSERS" time="10.581"/>
  <testcase classname="testngassignments.xmlassignments3" name="loginasadminlasttime" time="3.3"/>
  <testcase classname="testngassignments.xmlassignments3" name="deleteuser1" time="21.437"/>
  <testcase classname="testngassignments.xmlassignments3" name="logoutlast" time="5.425"/>
  <testcase classname="testngassignments.xmlassignments3" name="closeapplication" time="2.633"/>
</testsuite> <!-- Default test -->
