<?xml version="1.0" encoding="UTF-8"?>
<!-- Generated by org.testng.reporters.JUnitXMLReporter -->
<testsuite ignored="0" hostname="DESKTOP-MFHGSSK" failures="0" tests="103" name="all assignments" time="898.975" errors="0" timestamp="2022-12-28T16:10:12 IST">
  <testcase classname="testngassignments.xmlassignment1" name="launchbrowser" time="8.8"/>
  <testcase classname="testngassignments.xmlassignment1" name="navigation" time="12.15"/>
  <testcase classname="testngassignments.xmlassignment1" name="login" time="5.317"/>
  <testcase classname="testngassignments.xmlassignment1" name="minimize" time="5.162"/>
  <testcase classname="testngassignments.xmlassignment1" name="addnewUser1" time="21.194"/>
  <testcase classname="testngassignments.xmlassignment1" name="deleteuser" time="9.299"/>
  <testcase classname="testngassignments.xmlassignment1" name="logout" time="5.428"/>
  <testcase classname="testngassignments.xmlassignment1" name="closeapplication" time="2.423"/>
  <testcase classname="testngassignments.xmlassignment2" name="launchbrowser" time="7.018"/>
  <testcase classname="testngassignments.xmlassignment2" name="navigation" time="10.877"/>
  <testcase classname="testngassignments.xmlassignment2" name="login" time="5.334"/>
  <testcase classname="testngassignments.xmlassignment2" name="minimize" time="6.194"/>
  <testcase classname="testngassignments.xmlassignment2" name="addnewUser1" time="18.412"/>
  <testcase classname="testngassignments.xmlassignment2" name="modify" time="13.403"/>
  <testcase classname="testngassignments.xmlassignment2" name="deleteuser" time="9.312"/>
  <testcase classname="testngassignments.xmlassignment2" name="logout" time="5.387"/>
  <testcase classname="testngassignments.xmlassignment2" name="closeapplication" time="2.413"/>
  <testcase classname="testngassignments.xmlassignments3" name="launch" time="1.629"/>
  <testcase classname="testngassignments.xmlassignments3" name="navigation" time="10.509"/>
  <testcase classname="testngassignments.xmlassignments3" name="login" time="5.299"/>
  <testcase classname="testngassignments.xmlassignments3" name="minimize" time="4.097"/>
  <testcase classname="testngassignments.xmlassignments3" name="user1" time="13.739"/>
  <testcase classname="testngassignments.xmlassignments3" name="user2" time="10.706"/>
  <testcase classname="testngassignments.xmlassignments3" name="user3" time="15.733"/>
  <testcase classname="testngassignments.xmlassignments3" name="logout" time="2.375"/>
  <testcase classname="testngassignments.xmlassignments3" name="user1login" time="10.958"/>
  <testcase classname="testngassignments.xmlassignments3" name="user1logout" time="2.404"/>
  <testcase classname="testngassignments.xmlassignments3" name="user2login" time="7.224"/>
  <testcase classname="testngassignments.xmlassignments3" name="user2logout" time="2.269"/>
  <testcase classname="testngassignments.xmlassignments3" name="user3login" time="7.055"/>
  <testcase classname="testngassignments.xmlassignments3" name="user3logout" time="2.284"/>
  <testcase classname="testngassignments.xmlassignments3" name="user1login2" time="5.291"/>
  <testcase classname="testngassignments.xmlassignments3" name="modifyuser1password" time="15.118"/>
  <testcase classname="testngassignments.xmlassignments3" name="logoutasuser1" time="2.325"/>
  <testcase classname="testngassignments.xmlassignments3" name="user2login2" time="10.239"/>
  <testcase classname="testngassignments.xmlassignments3" name="modifyuser2password" time="15.5"/>
  <testcase classname="testngassignments.xmlassignments3" name="logoutasuser2" time="2.343"/>
  <testcase classname="testngassignments.xmlassignments3" name="user3login2" time="10.275"/>
  <testcase classname="testngassignments.xmlassignments3" name="modifyuser3password" time="15.082"/>
  <testcase classname="testngassignments.xmlassignments3" name="logoutasuser3" time="2.342"/>
  <testcase classname="testngassignments.xmlassignments3" name="logiiuser1usingnewpassword" time="10.274"/>
  <testcase classname="testngassignments.xmlassignments3" name="logoutasuser1afterloginwithnewpassword" time="2.281"/>
  <testcase classname="testngassignments.xmlassignments3" name="loginasuser2usingnewpassword" time="10.314"/>
  <testcase classname="testngassignments.xmlassignments3" name="logoutasuser2afterloginwithnewpassword" time="2.286"/>
  <testcase classname="testngassignments.xmlassignments3" name="loginasuser3usingnewpassword" time="10.376"/>
  <testcase classname="testngassignments.xmlassignments3" name="logoutasuser3afterloginwithnewpassword" time="2.297"/>
  <testcase classname="testngassignments.xmlassignments3" name="loginasadmin2ndtime" time="3.269"/>
  <testcase classname="testngassignments.xmlassignments3" name="ModifyPasswordodUseronetwothree2ndtime" time="38.57"/>
  <testcase classname="testngassignments.xmlassignments3" name="loginlogoutofUSERS" time="10.625"/>
  <testcase classname="testngassignments.xmlassignments3" name="loginasadminlasttime" time="3.302"/>
  <testcase classname="testngassignments.xmlassignments3" name="deleteuser1" time="21.233"/>
  <testcase classname="testngassignments.xmlassignments3" name="logoutlast" time="5.335"/>
  <testcase classname="testngassignments.xmlassignments3" name="closeapplication" time="2.46"/>
  <testcase classname="testngassignments.xmlassignment4" name="launchbrowser" time="7.4"/>
  <testcase classname="testngassignments.xmlassignment4" name="navigation" time="10.5"/>
  <testcase classname="testngassignments.xmlassignment4" name="login" time="5.317"/>
  <testcase classname="testngassignments.xmlassignment4" name="minimize" time="5.166"/>
  <testcase classname="testngassignments.xmlassignment4" name="newcustomer" time="15.702"/>
  <testcase classname="testngassignments.xmlassignment4" name="deletecustomer" time="9.422"/>
  <testcase classname="testngassignments.xmlassignment4" name="logout" time="5.384"/>
  <testcase classname="testngassignments.xmlassignment4" name="closeapplication" time="2.36"/>
  <testcase classname="testngassignments.xmlassignments5" name="launchbrowser" time="7.024"/>
  <testcase classname="testngassignments.xmlassignments5" name="navigation" time="10.425"/>
  <testcase classname="testngassignments.xmlassignments5" name="login" time="5.282"/>
  <testcase classname="testngassignments.xmlassignments5" name="minimize" time="5.192"/>
  <testcase classname="testngassignments.xmlassignments5" name="newcustomer" time="14.546"/>
  <testcase classname="testngassignments.xmlassignments5" name="modifycustomer" time="17.54"/>
  <testcase classname="testngassignments.xmlassignments5" name="deletecustomer" time="11.464"/>
  <testcase classname="testngassignments.xmlassignments5" name="logout" time="5.43"/>
  <testcase classname="testngassignments.xmlassignments5" name="closeapplication" time="2.335"/>
  <testcase classname="testngassignments.xmlassignments6" name="launchbrowser" time="7.122"/>
  <testcase classname="testngassignments.xmlassignments6" name="navigation" time="9.158"/>
  <testcase classname="testngassignments.xmlassignments6" name="login" time="5.322"/>
  <testcase classname="testngassignments.xmlassignments6" name="minimize" time="5.156"/>
  <testcase classname="testngassignments.xmlassignments6" name="newcustomer" time="16.052"/>
  <testcase classname="testngassignments.xmlassignments6" name="createpoject" time="8.415"/>
  <testcase classname="testngassignments.xmlassignments6" name="deleteproject" time="10.462"/>
  <testcase classname="testngassignments.xmlassignments6" name="deletecustomer" time="9.388"/>
  <testcase classname="testngassignments.xmlassignments6" name="logout" time="5.425"/>
  <testcase classname="testngassignments.xmlassignments6" name="closeapplication" time="2.356"/>
  <testcase classname="testngassignments.xmlassignments7" name="launchbrowser" time="7.378"/>
  <testcase classname="testngassignments.xmlassignments7" name="navigation" time="12.749"/>
  <testcase classname="testngassignments.xmlassignments7" name="login" time="5.857"/>
  <testcase classname="testngassignments.xmlassignments7" name="minimize" time="26.738"/>
  <testcase classname="testngassignments.xmlassignments7" name="newcustomer" time="14.667"/>
  <testcase classname="testngassignments.xmlassignments7" name="createpoject" time="8.473"/>
  <testcase classname="testngassignments.xmlassignments7" name="modifyproject" time="11.376"/>
  <testcase classname="testngassignments.xmlassignments7" name="deleteproject" time="16.353"/>
  <testcase classname="testngassignments.xmlassignments7" name="deletecustomer" time="9.405"/>
  <testcase classname="testngassignments.xmlassignments7" name="logout" time="5.373"/>
  <testcase classname="testngassignments.xmlassignments7" name="closeapplication" time="2.528"/>
  <testcase classname="testngassignments.xmlassignments8" name="launchbrowser" time="8.526"/>
  <testcase classname="testngassignments.xmlassignments8" name="navigation" time="10.336"/>
  <testcase classname="testngassignments.xmlassignments8" name="login" time="5.326"/>
  <testcase classname="testngassignments.xmlassignments8" name="minimize" time="5.168"/>
  <testcase classname="testngassignments.xmlassignments8" name="newcustomer" time="14.541"/>
  <testcase classname="testngassignments.xmlassignments8" name="createpoject" time="8.424"/>
  <testcase classname="testngassignments.xmlassignments8" name="createtask" time="7.468"/>
  <testcase classname="testngassignments.xmlassignments8" name="deletetask" time="14.483"/>
  <testcase classname="testngassignments.xmlassignments8" name="deleteproject" time="21.445"/>
  <testcase classname="testngassignments.xmlassignments8" name="deletecustomer" time="9.418"/>
  <testcase classname="testngassignments.xmlassignments8" name="logout" time="5.389"/>
  <testcase classname="testngassignments.xmlassignments8" name="closeapplication" time="2.363"/>
</testsuite> <!-- all assignments -->
