<?xml version="1.0" encoding="UTF-8"?>
<testng-results ignored="0" total="103" passed="103" failed="0" skipped="0">
  <reporter-output>
  </reporter-output>
  <suite started-at="2022-12-28T15:55:12 IST" name="assignments" finished-at="2022-12-28T16:10:11 IST" duration-ms="898975">
    <groups>
    </groups>
    <test started-at="2022-12-28T15:55:12 IST" name="all assignments" finished-at="2022-12-28T16:10:11 IST" duration-ms="898975">
      <class name="testngassignments.xmlassignments6">
        <test-method signature="launchbrowser()[pri:1, instance:testngassignments.xmlassignments6@611889f4]" started-at="2022-12-28T16:04:59 IST" name="launchbrowser" finished-at="2022-12-28T16:05:06 IST" duration-ms="7122" status="PASS">
          <reporter-output>
          </reporter-output>
        </test-method> <!-- launchbrowser -->
        <test-method signature="navigation()[pri:2, instance:testngassignments.xmlassignments6@611889f4]" started-at="2022-12-28T16:05:06 IST" name="navigation" finished-at="2022-12-28T16:05:15 IST" duration-ms="9158" status="PASS">
          <reporter-output>
          </reporter-output>
        </test-method> <!-- navigation -->
        <test-method signature="login()[pri:3, instance:testngassignments.xmlassignments6@611889f4]" started-at="2022-12-28T16:05:15 IST" name="login" finished-at="2022-12-28T16:05:20 IST" duration-ms="5322" status="PASS">
          <reporter-output>
          </reporter-output>
        </test-method> <!-- login -->
        <test-method signature="minimize()[pri:4, instance:testngassignments.xmlassignments6@611889f4]" started-at="2022-12-28T16:05:20 IST" name="minimize" finished-at="2022-12-28T16:05:25 IST" duration-ms="5156" status="PASS">
          <reporter-output>
          </reporter-output>
        </test-method> <!-- minimize -->
        <test-method signature="newcustomer()[pri:5, instance:testngassignments.xmlassignments6@611889f4]" started-at="2022-12-28T16:05:25 IST" name="newcustomer" finished-at="2022-12-28T16:05:42 IST" duration-ms="16052" status="PASS">
          <reporter-output>
          </reporter-output>
        </test-method> <!-- newcustomer -->
        <test-method signature="createpoject()[pri:6, instance:testngassignments.xmlassignments6@611889f4]" started-at="2022-12-28T16:05:42 IST" name="createpoject" finished-at="2022-12-28T16:05:50 IST" duration-ms="8415" status="PASS">
          <reporter-output>
          </reporter-output>
        </test-method> <!-- createpoject -->
        <test-method signature="deleteproject()[pri:7, instance:testngassignments.xmlassignments6@611889f4]" started-at="2022-12-28T16:05:50 IST" name="deleteproject" finished-at="2022-12-28T16:06:00 IST" duration-ms="10462" status="PASS">
          <reporter-output>
          </reporter-output>
        </test-method> <!-- deleteproject -->
        <test-method signature="deletecustomer()[pri:8, instance:testngassignments.xmlassignments6@611889f4]" started-at="2022-12-28T16:06:00 IST" name="deletecustomer" finished-at="2022-12-28T16:06:10 IST" duration-ms="9388" status="PASS">
          <reporter-output>
          </reporter-output>
        </test-method> <!-- deletecustomer -->
        <test-method signature="logout()[pri:9, instance:testngassignments.xmlassignments6@611889f4]" started-at="2022-12-28T16:06:10 IST" name="logout" finished-at="2022-12-28T16:06:15 IST" duration-ms="5425" status="PASS">
          <reporter-output>
          </reporter-output>
        </test-method> <!-- logout -->
        <test-method signature="closeapplication()[pri:10, instance:testngassignments.xmlassignments6@611889f4]" started-at="2022-12-28T16:06:15 IST" name="closeapplication" finished-at="2022-12-28T16:06:18 IST" duration-ms="2356" status="PASS">
          <reporter-output>
          </reporter-output>
        </test-method> <!-- closeapplication -->
      </class> <!-- testngassignments.xmlassignments6 -->
      <class name="testngassignments.xmlassignments7">
        <test-method signature="launchbrowser()[pri:1, instance:testngassignments.xmlassignments7@1da2cb77]" started-at="2022-12-28T16:06:18 IST" name="launchbrowser" finished-at="2022-12-28T16:06:25 IST" duration-ms="7378" status="PASS">
          <reporter-output>
          </reporter-output>
        </test-method> <!-- launchbrowser -->
        <test-method signature="navigation()[pri:2, instance:testngassignments.xmlassignments7@1da2cb77]" started-at="2022-12-28T16:06:25 IST" name="navigation" finished-at="2022-12-28T16:06:38 IST" duration-ms="12749" status="PASS">
          <reporter-output>
          </reporter-output>
        </test-method> <!-- navigation -->
        <test-method signature="login()[pri:3, instance:testngassignments.xmlassignments7@1da2cb77]" started-at="2022-12-28T16:06:38 IST" name="login" finished-at="2022-12-28T16:06:44 IST" duration-ms="5857" status="PASS">
          <reporter-output>
          </reporter-output>
        </test-method> <!-- login -->
        <test-method signature="minimize()[pri:4, instance:testngassignments.xmlassignments7@1da2cb77]" started-at="2022-12-28T16:06:44 IST" name="minimize" finished-at="2022-12-28T16:07:10 IST" duration-ms="26738" status="PASS">
          <reporter-output>
          </reporter-output>
        </test-method> <!-- minimize -->
        <test-method signature="newcustomer()[pri:5, instance:testngassignments.xmlassignments7@1da2cb77]" started-at="2022-12-28T16:07:10 IST" name="newcustomer" finished-at="2022-12-28T16:07:25 IST" duration-ms="14667" status="PASS">
          <reporter-output>
          </reporter-output>
        </test-method> <!-- newcustomer -->
        <test-method signature="createpoject()[pri:6, instance:testngassignments.xmlassignments7@1da2cb77]" started-at="2022-12-28T16:07:25 IST" name="createpoject" finished-at="2022-12-28T16:07:33 IST" duration-ms="8473" status="PASS">
          <reporter-output>
          </reporter-output>
        </test-method> <!-- createpoject -->
        <test-method signature="modifyproject()[pri:7, instance:testngassignments.xmlassignments7@1da2cb77]" started-at="2022-12-28T16:07:33 IST" name="modifyproject" finished-at="2022-12-28T16:07:45 IST" duration-ms="11376" status="PASS">
          <reporter-output>
          </reporter-output>
        </test-method> <!-- modifyproject -->
        <test-method signature="deleteproject()[pri:8, instance:testngassignments.xmlassignments7@1da2cb77]" started-at="2022-12-28T16:07:45 IST" name="deleteproject" finished-at="2022-12-28T16:08:01 IST" duration-ms="16353" status="PASS">
          <reporter-output>
          </reporter-output>
        </test-method> <!-- deleteproject -->
        <test-method signature="deletecustomer()[pri:9, instance:testngassignments.xmlassignments7@1da2cb77]" started-at="2022-12-28T16:08:01 IST" name="deletecustomer" finished-at="2022-12-28T16:08:11 IST" duration-ms="9405" status="PASS">
          <reporter-output>
          </reporter-output>
        </test-method> <!-- deletecustomer -->
        <test-method signature="logout()[pri:10, instance:testngassignments.xmlassignments7@1da2cb77]" started-at="2022-12-28T16:08:11 IST" name="logout" finished-at="2022-12-28T16:08:16 IST" duration-ms="5373" status="PASS">
          <reporter-output>
          </reporter-output>
        </test-method> <!-- logout -->
        <test-method signature="closeapplication()[pri:11, instance:testngassignments.xmlassignments7@1da2cb77]" started-at="2022-12-28T16:08:16 IST" name="closeapplication" finished-at="2022-12-28T16:08:19 IST" duration-ms="2528" status="PASS">
          <reporter-output>
          </reporter-output>
        </test-method> <!-- closeapplication -->
      </class> <!-- testngassignments.xmlassignments7 -->
      <class name="testngassignments.xmlassignments8">
        <test-method signature="launchbrowser()[pri:1, instance:testngassignments.xmlassignments8@48f278eb]" started-at="2022-12-28T16:08:19 IST" name="launchbrowser" finished-at="2022-12-28T16:08:27 IST" duration-ms="8526" status="PASS">
          <reporter-output>
          </reporter-output>
        </test-method> <!-- launchbrowser -->
        <test-method signature="navigation()[pri:2, instance:testngassignments.xmlassignments8@48f278eb]" started-at="2022-12-28T16:08:27 IST" name="navigation" finished-at="2022-12-28T16:08:37 IST" duration-ms="10336" status="PASS">
          <reporter-output>
          </reporter-output>
        </test-method> <!-- navigation -->
        <test-method signature="login()[pri:3, instance:testngassignments.xmlassignments8@48f278eb]" started-at="2022-12-28T16:08:37 IST" name="login" finished-at="2022-12-28T16:08:43 IST" duration-ms="5326" status="PASS">
          <reporter-output>
          </reporter-output>
        </test-method> <!-- login -->
        <test-method signature="minimize()[pri:4, instance:testngassignments.xmlassignments8@48f278eb]" started-at="2022-12-28T16:08:43 IST" name="minimize" finished-at="2022-12-28T16:08:48 IST" duration-ms="5168" status="PASS">
          <reporter-output>
          </reporter-output>
        </test-method> <!-- minimize -->
        <test-method signature="newcustomer()[pri:5, instance:testngassignments.xmlassignments8@48f278eb]" started-at="2022-12-28T16:08:48 IST" name="newcustomer" finished-at="2022-12-28T16:09:02 IST" duration-ms="14541" status="PASS">
          <reporter-output>
          </reporter-output>
        </test-method> <!-- newcustomer -->
        <test-method signature="createpoject()[pri:6, instance:testngassignments.xmlassignments8@48f278eb]" started-at="2022-12-28T16:09:02 IST" name="createpoject" finished-at="2022-12-28T16:09:11 IST" duration-ms="8424" status="PASS">
          <reporter-output>
          </reporter-output>
        </test-method> <!-- createpoject -->
        <test-method signature="createtask()[pri:7, instance:testngassignments.xmlassignments8@48f278eb]" started-at="2022-12-28T16:09:11 IST" name="createtask" finished-at="2022-12-28T16:09:18 IST" duration-ms="7468" status="PASS">
          <reporter-output>
          </reporter-output>
        </test-method> <!-- createtask -->
        <test-method signature="deletetask()[pri:8, instance:testngassignments.xmlassignments8@48f278eb]" started-at="2022-12-28T16:09:18 IST" name="deletetask" finished-at="2022-12-28T16:09:33 IST" duration-ms="14483" status="PASS">
          <reporter-output>
          </reporter-output>
        </test-method> <!-- deletetask -->
        <test-method signature="deleteproject()[pri:9, instance:testngassignments.xmlassignments8@48f278eb]" started-at="2022-12-28T16:09:33 IST" name="deleteproject" finished-at="2022-12-28T16:09:54 IST" duration-ms="21445" status="PASS">
          <reporter-output>
          </reporter-output>
        </test-method> <!-- deleteproject -->
        <test-method signature="deletecustomer()[pri:10, instance:testngassignments.xmlassignments8@48f278eb]" started-at="2022-12-28T16:09:54 IST" name="deletecustomer" finished-at="2022-12-28T16:10:04 IST" duration-ms="9418" status="PASS">
          <reporter-output>
          </reporter-output>
        </test-method> <!-- deletecustomer -->
        <test-method signature="logout()[pri:11, instance:testngassignments.xmlassignments8@48f278eb]" started-at="2022-12-28T16:10:04 IST" name="logout" finished-at="2022-12-28T16:10:09 IST" duration-ms="5389" status="PASS">
          <reporter-output>
          </reporter-output>
        </test-method> <!-- logout -->
        <test-method signature="closeapplication()[pri:12, instance:testngassignments.xmlassignments8@48f278eb]" started-at="2022-12-28T16:10:09 IST" name="closeapplication" finished-at="2022-12-28T16:10:11 IST" duration-ms="2363" status="PASS">
          <reporter-output>
          </reporter-output>
        </test-method> <!-- closeapplication -->
      </class> <!-- testngassignments.xmlassignments8 -->
      <class name="testngassignments.xmlassignments3">
        <test-method signature="launch()[pri:1, instance:testngassignments.xmlassignments3@6283d8b8]" started-at="2022-12-28T15:57:41 IST" name="launch" finished-at="2022-12-28T15:57:42 IST" duration-ms="1629" status="PASS">
          <reporter-output>
          </reporter-output>
        </test-method> <!-- launch -->
        <test-method signature="navigation()[pri:2, instance:testngassignments.xmlassignments3@6283d8b8]" started-at="2022-12-28T15:57:42 IST" name="navigation" finished-at="2022-12-28T15:57:53 IST" duration-ms="10509" status="PASS">
          <reporter-output>
          </reporter-output>
        </test-method> <!-- navigation -->
        <test-method signature="login()[pri:3, instance:testngassignments.xmlassignments3@6283d8b8]" started-at="2022-12-28T15:57:53 IST" name="login" finished-at="2022-12-28T15:57:58 IST" duration-ms="5299" status="PASS">
          <reporter-output>
          </reporter-output>
        </test-method> <!-- login -->
        <test-method signature="minimize()[pri:4, instance:testngassignments.xmlassignments3@6283d8b8]" started-at="2022-12-28T15:57:58 IST" name="minimize" finished-at="2022-12-28T15:58:02 IST" duration-ms="4097" status="PASS">
          <reporter-output>
          </reporter-output>
        </test-method> <!-- minimize -->
        <test-method signature="user1()[pri:5, instance:testngassignments.xmlassignments3@6283d8b8]" started-at="2022-12-28T15:58:02 IST" name="user1" finished-at="2022-12-28T15:58:16 IST" duration-ms="13739" status="PASS">
          <reporter-output>
          </reporter-output>
        </test-method> <!-- user1 -->
        <test-method signature="user2()[pri:6, instance:testngassignments.xmlassignments3@6283d8b8]" started-at="2022-12-28T15:58:16 IST" name="user2" finished-at="2022-12-28T15:58:27 IST" duration-ms="10706" status="PASS">
          <reporter-output>
          </reporter-output>
        </test-method> <!-- user2 -->
        <test-method signature="user3()[pri:7, instance:testngassignments.xmlassignments3@6283d8b8]" started-at="2022-12-28T15:58:27 IST" name="user3" finished-at="2022-12-28T15:58:42 IST" duration-ms="15733" status="PASS">
          <reporter-output>
          </reporter-output>
        </test-method> <!-- user3 -->
        <test-method signature="logout()[pri:8, instance:testngassignments.xmlassignments3@6283d8b8]" started-at="2022-12-28T15:58:42 IST" name="logout" finished-at="2022-12-28T15:58:45 IST" duration-ms="2375" status="PASS">
          <reporter-output>
          </reporter-output>
        </test-method> <!-- logout -->
        <test-method signature="user1login()[pri:9, instance:testngassignments.xmlassignments3@6283d8b8]" started-at="2022-12-28T15:58:45 IST" name="user1login" finished-at="2022-12-28T15:58:56 IST" duration-ms="10958" status="PASS">
          <reporter-output>
          </reporter-output>
        </test-method> <!-- user1login -->
        <test-method signature="user1logout()[pri:10, instance:testngassignments.xmlassignments3@6283d8b8]" started-at="2022-12-28T15:58:56 IST" name="user1logout" finished-at="2022-12-28T15:58:58 IST" duration-ms="2404" status="PASS">
          <reporter-output>
          </reporter-output>
        </test-method> <!-- user1logout -->
        <test-method signature="user2login()[pri:11, instance:testngassignments.xmlassignments3@6283d8b8]" started-at="2022-12-28T15:58:58 IST" name="user2login" finished-at="2022-12-28T15:59:05 IST" duration-ms="7224" status="PASS">
          <reporter-output>
          </reporter-output>
        </test-method> <!-- user2login -->
        <test-method signature="user2logout()[pri:12, instance:testngassignments.xmlassignments3@6283d8b8]" started-at="2022-12-28T15:59:05 IST" name="user2logout" finished-at="2022-12-28T15:59:08 IST" duration-ms="2269" status="PASS">
          <reporter-output>
          </reporter-output>
        </test-method> <!-- user2logout -->
        <test-method signature="user3login()[pri:13, instance:testngassignments.xmlassignments3@6283d8b8]" started-at="2022-12-28T15:59:08 IST" name="user3login" finished-at="2022-12-28T15:59:15 IST" duration-ms="7055" status="PASS">
          <reporter-output>
          </reporter-output>
        </test-method> <!-- user3login -->
        <test-method signature="user3logout()[pri:14, instance:testngassignments.xmlassignments3@6283d8b8]" started-at="2022-12-28T15:59:15 IST" name="user3logout" finished-at="2022-12-28T15:59:17 IST" duration-ms="2284" status="PASS">
          <reporter-output>
          </reporter-output>
        </test-method> <!-- user3logout -->
        <test-method signature="user1login2()[pri:15, instance:testngassignments.xmlassignments3@6283d8b8]" started-at="2022-12-28T15:59:17 IST" name="user1login2" finished-at="2022-12-28T15:59:22 IST" duration-ms="5291" status="PASS">
          <reporter-output>
          </reporter-output>
        </test-method> <!-- user1login2 -->
        <test-method signature="modifyuser1password()[pri:16, instance:testngassignments.xmlassignments3@6283d8b8]" started-at="2022-12-28T15:59:22 IST" name="modifyuser1password" finished-at="2022-12-28T15:59:37 IST" duration-ms="15118" status="PASS">
          <reporter-output>
          </reporter-output>
        </test-method> <!-- modifyuser1password -->
        <test-method signature="logoutasuser1()[pri:17, instance:testngassignments.xmlassignments3@6283d8b8]" started-at="2022-12-28T15:59:37 IST" name="logoutasuser1" finished-at="2022-12-28T15:59:40 IST" duration-ms="2325" status="PASS">
          <reporter-output>
          </reporter-output>
        </test-method> <!-- logoutasuser1 -->
        <test-method signature="user2login2()[pri:18, instance:testngassignments.xmlassignments3@6283d8b8]" started-at="2022-12-28T15:59:40 IST" name="user2login2" finished-at="2022-12-28T15:59:50 IST" duration-ms="10239" status="PASS">
          <reporter-output>
          </reporter-output>
        </test-method> <!-- user2login2 -->
        <test-method signature="modifyuser2password()[pri:19, instance:testngassignments.xmlassignments3@6283d8b8]" started-at="2022-12-28T15:59:50 IST" name="modifyuser2password" finished-at="2022-12-28T16:00:06 IST" duration-ms="15500" status="PASS">
          <reporter-output>
          </reporter-output>
        </test-method> <!-- modifyuser2password -->
        <test-method signature="logoutasuser2()[pri:20, instance:testngassignments.xmlassignments3@6283d8b8]" started-at="2022-12-28T16:00:06 IST" name="logoutasuser2" finished-at="2022-12-28T16:00:08 IST" duration-ms="2343" status="PASS">
          <reporter-output>
          </reporter-output>
        </test-method> <!-- logoutasuser2 -->
        <test-method signature="user3login2()[pri:21, instance:testngassignments.xmlassignments3@6283d8b8]" started-at="2022-12-28T16:00:08 IST" name="user3login2" finished-at="2022-12-28T16:00:18 IST" duration-ms="10275" status="PASS">
          <reporter-output>
          </reporter-output>
        </test-method> <!-- user3login2 -->
        <test-method signature="modifyuser3password()[pri:22, instance:testngassignments.xmlassignments3@6283d8b8]" started-at="2022-12-28T16:00:18 IST" name="modifyuser3password" finished-at="2022-12-28T16:00:33 IST" duration-ms="15082" status="PASS">
          <reporter-output>
          </reporter-output>
        </test-method> <!-- modifyuser3password -->
        <test-method signature="logoutasuser3()[pri:23, instance:testngassignments.xmlassignments3@6283d8b8]" started-at="2022-12-28T16:00:33 IST" name="logoutasuser3" finished-at="2022-12-28T16:00:36 IST" duration-ms="2342" status="PASS">
          <reporter-output>
          </reporter-output>
        </test-method> <!-- logoutasuser3 -->
        <test-method signature="logiiuser1usingnewpassword()[pri:24, instance:testngassignments.xmlassignments3@6283d8b8]" started-at="2022-12-28T16:00:36 IST" name="logiiuser1usingnewpassword" finished-at="2022-12-28T16:00:46 IST" duration-ms="10274" status="PASS">
          <reporter-output>
          </reporter-output>
        </test-method> <!-- logiiuser1usingnewpassword -->
        <test-method signature="logoutasuser1afterloginwithnewpassword()[pri:25, instance:testngassignments.xmlassignments3@6283d8b8]" started-at="2022-12-28T16:00:46 IST" name="logoutasuser1afterloginwithnewpassword" finished-at="2022-12-28T16:00:48 IST" duration-ms="2281" status="PASS">
          <reporter-output>
          </reporter-output>
        </test-method> <!-- logoutasuser1afterloginwithnewpassword -->
        <test-method signature="loginasuser2usingnewpassword()[pri:26, instance:testngassignments.xmlassignments3@6283d8b8]" started-at="2022-12-28T16:00:48 IST" name="loginasuser2usingnewpassword" finished-at="2022-12-28T16:00:58 IST" duration-ms="10314" status="PASS">
          <reporter-output>
          </reporter-output>
        </test-method> <!-- loginasuser2usingnewpassword -->
        <test-method signature="logoutasuser2afterloginwithnewpassword()[pri:27, instance:testngassignments.xmlassignments3@6283d8b8]" started-at="2022-12-28T16:00:58 IST" name="logoutasuser2afterloginwithnewpassword" finished-at="2022-12-28T16:01:01 IST" duration-ms="2286" status="PASS">
          <reporter-output>
          </reporter-output>
        </test-method> <!-- logoutasuser2afterloginwithnewpassword -->
        <test-method signature="loginasuser3usingnewpassword()[pri:28, instance:testngassignments.xmlassignments3@6283d8b8]" started-at="2022-12-28T16:01:01 IST" name="loginasuser3usingnewpassword" finished-at="2022-12-28T16:01:11 IST" duration-ms="10376" status="PASS">
          <reporter-output>
          </reporter-output>
        </test-method> <!-- loginasuser3usingnewpassword -->
        <test-method signature="logoutasuser3afterloginwithnewpassword()[pri:29, instance:testngassignments.xmlassignments3@6283d8b8]" started-at="2022-12-28T16:01:11 IST" name="logoutasuser3afterloginwithnewpassword" finished-at="2022-12-28T16:01:13 IST" duration-ms="2297" status="PASS">
          <reporter-output>
          </reporter-output>
        </test-method> <!-- logoutasuser3afterloginwithnewpassword -->
        <test-method signature="loginasadmin2ndtime()[pri:30, instance:testngassignments.xmlassignments3@6283d8b8]" started-at="2022-12-28T16:01:13 IST" name="loginasadmin2ndtime" finished-at="2022-12-28T16:01:17 IST" duration-ms="3269" status="PASS">
          <reporter-output>
          </reporter-output>
        </test-method> <!-- loginasadmin2ndtime -->
        <test-method signature="ModifyPasswordodUseronetwothree2ndtime()[pri:31, instance:testngassignments.xmlassignments3@6283d8b8]" started-at="2022-12-28T16:01:17 IST" name="ModifyPasswordodUseronetwothree2ndtime" finished-at="2022-12-28T16:01:55 IST" duration-ms="38570" status="PASS">
          <reporter-output>
          </reporter-output>
        </test-method> <!-- ModifyPasswordodUseronetwothree2ndtime -->
        <test-method signature="loginlogoutofUSERS()[pri:32, instance:testngassignments.xmlassignments3@6283d8b8]" started-at="2022-12-28T16:01:55 IST" name="loginlogoutofUSERS" finished-at="2022-12-28T16:02:06 IST" duration-ms="10625" status="PASS">
          <reporter-output>
          </reporter-output>
        </test-method> <!-- loginlogoutofUSERS -->
        <test-method signature="loginasadminlasttime()[pri:33, instance:testngassignments.xmlassignments3@6283d8b8]" started-at="2022-12-28T16:02:06 IST" name="loginasadminlasttime" finished-at="2022-12-28T16:02:09 IST" duration-ms="3302" status="PASS">
          <reporter-output>
          </reporter-output>
        </test-method> <!-- loginasadminlasttime -->
        <test-method signature="deleteuser1()[pri:34, instance:testngassignments.xmlassignments3@6283d8b8]" started-at="2022-12-28T16:02:09 IST" name="deleteuser1" finished-at="2022-12-28T16:02:30 IST" duration-ms="21233" status="PASS">
          <reporter-output>
          </reporter-output>
        </test-method> <!-- deleteuser1 -->
        <test-method signature="logoutlast()[pri:35, instance:testngassignments.xmlassignments3@6283d8b8]" started-at="2022-12-28T16:02:30 IST" name="logoutlast" finished-at="2022-12-28T16:02:36 IST" duration-ms="5335" status="PASS">
          <reporter-output>
          </reporter-output>
        </test-method> <!-- logoutlast -->
        <test-method signature="closeapplication()[pri:36, instance:testngassignments.xmlassignments3@6283d8b8]" started-at="2022-12-28T16:02:36 IST" name="closeapplication" finished-at="2022-12-28T16:02:38 IST" duration-ms="2460" status="PASS">
          <reporter-output>
          </reporter-output>
        </test-method> <!-- closeapplication -->
      </class> <!-- testngassignments.xmlassignments3 -->
      <class name="testngassignments.xmlassignments5">
        <test-method signature="launchbrowser()[pri:1, instance:testngassignments.xmlassignments5@3f6b0be5]" started-at="2022-12-28T16:03:39 IST" name="launchbrowser" finished-at="2022-12-28T16:03:46 IST" duration-ms="7024" status="PASS">
          <reporter-output>
          </reporter-output>
        </test-method> <!-- launchbrowser -->
        <test-method signature="navigation()[pri:2, instance:testngassignments.xmlassignments5@3f6b0be5]" started-at="2022-12-28T16:03:46 IST" name="navigation" finished-at="2022-12-28T16:03:57 IST" duration-ms="10425" status="PASS">
          <reporter-output>
          </reporter-output>
        </test-method> <!-- navigation -->
        <test-method signature="login()[pri:3, instance:testngassignments.xmlassignments5@3f6b0be5]" started-at="2022-12-28T16:03:57 IST" name="login" finished-at="2022-12-28T16:04:02 IST" duration-ms="5282" status="PASS">
          <reporter-output>
          </reporter-output>
        </test-method> <!-- login -->
        <test-method signature="minimize()[pri:4, instance:testngassignments.xmlassignments5@3f6b0be5]" started-at="2022-12-28T16:04:02 IST" name="minimize" finished-at="2022-12-28T16:04:07 IST" duration-ms="5192" status="PASS">
          <reporter-output>
          </reporter-output>
        </test-method> <!-- minimize -->
        <test-method signature="newcustomer()[pri:5, instance:testngassignments.xmlassignments5@3f6b0be5]" started-at="2022-12-28T16:04:07 IST" name="newcustomer" finished-at="2022-12-28T16:04:22 IST" duration-ms="14546" status="PASS">
          <reporter-output>
          </reporter-output>
        </test-method> <!-- newcustomer -->
        <test-method signature="modifycustomer()[pri:6, instance:testngassignments.xmlassignments5@3f6b0be5]" started-at="2022-12-28T16:04:22 IST" name="modifycustomer" finished-at="2022-12-28T16:04:39 IST" duration-ms="17540" status="PASS">
          <reporter-output>
          </reporter-output>
        </test-method> <!-- modifycustomer -->
        <test-method signature="deletecustomer()[pri:7, instance:testngassignments.xmlassignments5@3f6b0be5]" started-at="2022-12-28T16:04:39 IST" name="deletecustomer" finished-at="2022-12-28T16:04:51 IST" duration-ms="11464" status="PASS">
          <reporter-output>
          </reporter-output>
        </test-method> <!-- deletecustomer -->
        <test-method signature="logout()[pri:8, instance:testngassignments.xmlassignments5@3f6b0be5]" started-at="2022-12-28T16:04:51 IST" name="logout" finished-at="2022-12-28T16:04:56 IST" duration-ms="5430" status="PASS">
          <reporter-output>
          </reporter-output>
        </test-method> <!-- logout -->
        <test-method signature="closeapplication()[pri:9, instance:testngassignments.xmlassignments5@3f6b0be5]" started-at="2022-12-28T16:04:56 IST" name="closeapplication" finished-at="2022-12-28T16:04:59 IST" duration-ms="2335" status="PASS">
          <reporter-output>
          </reporter-output>
        </test-method> <!-- closeapplication -->
      </class> <!-- testngassignments.xmlassignments5 -->
      <class name="testngassignments.xmlassignment1">
        <test-method signature="launchbrowser()[pri:1, instance:testngassignments.xmlassignment1@2a54a73f]" started-at="2022-12-28T15:55:13 IST" name="launchbrowser" finished-at="2022-12-28T15:55:21 IST" duration-ms="8800" status="PASS">
          <reporter-output>
          </reporter-output>
        </test-method> <!-- launchbrowser -->
        <test-method signature="navigation()[pri:2, instance:testngassignments.xmlassignment1@2a54a73f]" started-at="2022-12-28T15:55:21 IST" name="navigation" finished-at="2022-12-28T15:55:33 IST" duration-ms="12150" status="PASS">
          <reporter-output>
          </reporter-output>
        </test-method> <!-- navigation -->
        <test-method signature="login()[pri:3, instance:testngassignments.xmlassignment1@2a54a73f]" started-at="2022-12-28T15:55:33 IST" name="login" finished-at="2022-12-28T15:55:39 IST" duration-ms="5317" status="PASS">
          <reporter-output>
          </reporter-output>
        </test-method> <!-- login -->
        <test-method signature="minimize()[pri:4, instance:testngassignments.xmlassignment1@2a54a73f]" started-at="2022-12-28T15:55:39 IST" name="minimize" finished-at="2022-12-28T15:55:44 IST" duration-ms="5162" status="PASS">
          <reporter-output>
          </reporter-output>
        </test-method> <!-- minimize -->
        <test-method signature="addnewUser1(java.lang.String,java.lang.String,java.lang.String,java.lang.String,java.lang.String,java.lang.String)[pri:5, instance:testngassignments.xmlassignment1@2a54a73f]" started-at="2022-12-28T15:55:44 IST" name="addnewUser1" data-provider="users" finished-at="2022-12-28T15:56:05 IST" duration-ms="21194" status="PASS">
          <params>
            <param index="0">
              <value>
                <![CDATA[demo]]>
              </value>
            </param>
            <param index="1">
              <value>
                <![CDATA[user1]]>
              </value>
            </param>
            <param index="2">
              <value>
                <![CDATA[demouser1@gmail.com]]>
              </value>
            </param>
            <param index="3">
              <value>
                <![CDATA[Demouser1]]>
              </value>
            </param>
            <param index="4">
              <value>
                <![CDATA[Welcome1]]>
              </value>
            </param>
            <param index="5">
              <value>
                <![CDATA[Welcome1]]>
              </value>
            </param>
          </params>
          <reporter-output>
          </reporter-output>
        </test-method> <!-- addnewUser1 -->
        <test-method signature="deleteuser()[pri:6, instance:testngassignments.xmlassignment1@2a54a73f]" started-at="2022-12-28T15:56:05 IST" name="deleteuser" finished-at="2022-12-28T15:56:14 IST" duration-ms="9299" status="PASS">
          <reporter-output>
          </reporter-output>
        </test-method> <!-- deleteuser -->
        <test-method signature="logout()[pri:7, instance:testngassignments.xmlassignment1@2a54a73f]" started-at="2022-12-28T15:56:14 IST" name="logout" finished-at="2022-12-28T15:56:20 IST" duration-ms="5428" status="PASS">
          <reporter-output>
          </reporter-output>
        </test-method> <!-- logout -->
        <test-method signature="closeapplication()[pri:8, instance:testngassignments.xmlassignment1@2a54a73f]" started-at="2022-12-28T15:56:20 IST" name="closeapplication" finished-at="2022-12-28T15:56:22 IST" duration-ms="2423" status="PASS">
          <reporter-output>
          </reporter-output>
        </test-method> <!-- closeapplication -->
      </class> <!-- testngassignments.xmlassignment1 -->
      <class name="testngassignments.xmlassignment2">
        <test-method signature="launchbrowser()[pri:1, instance:testngassignments.xmlassignment2@22ef9844]" started-at="2022-12-28T15:56:22 IST" name="launchbrowser" finished-at="2022-12-28T15:56:29 IST" duration-ms="7018" status="PASS">
          <reporter-output>
          </reporter-output>
        </test-method> <!-- launchbrowser -->
        <test-method signature="navigation()[pri:2, instance:testngassignments.xmlassignment2@22ef9844]" started-at="2022-12-28T15:56:29 IST" name="navigation" finished-at="2022-12-28T15:56:40 IST" duration-ms="10877" status="PASS">
          <reporter-output>
          </reporter-output>
        </test-method> <!-- navigation -->
        <test-method signature="login()[pri:3, instance:testngassignments.xmlassignment2@22ef9844]" started-at="2022-12-28T15:56:40 IST" name="login" finished-at="2022-12-28T15:56:46 IST" duration-ms="5334" status="PASS">
          <reporter-output>
          </reporter-output>
        </test-method> <!-- login -->
        <test-method signature="minimize()[pri:4, instance:testngassignments.xmlassignment2@22ef9844]" started-at="2022-12-28T15:56:46 IST" name="minimize" finished-at="2022-12-28T15:56:52 IST" duration-ms="6194" status="PASS">
          <reporter-output>
          </reporter-output>
        </test-method> <!-- minimize -->
        <test-method signature="addnewUser1(java.lang.String,java.lang.String,java.lang.String,java.lang.String,java.lang.String,java.lang.String)[pri:5, instance:testngassignments.xmlassignment2@22ef9844]" started-at="2022-12-28T15:56:52 IST" name="addnewUser1" data-provider="users" finished-at="2022-12-28T15:57:10 IST" duration-ms="18412" status="PASS">
          <params>
            <param index="0">
              <value>
                <![CDATA[demo]]>
              </value>
            </param>
            <param index="1">
              <value>
                <![CDATA[user1]]>
              </value>
            </param>
            <param index="2">
              <value>
                <![CDATA[demouser1@gmail.com]]>
              </value>
            </param>
            <param index="3">
              <value>
                <![CDATA[Demouser1]]>
              </value>
            </param>
            <param index="4">
              <value>
                <![CDATA[Welcome1]]>
              </value>
            </param>
            <param index="5">
              <value>
                <![CDATA[Welcome1]]>
              </value>
            </param>
          </params>
          <reporter-output>
          </reporter-output>
        </test-method> <!-- addnewUser1 -->
        <test-method signature="modify()[pri:6, instance:testngassignments.xmlassignment2@22ef9844]" started-at="2022-12-28T15:57:10 IST" name="modify" finished-at="2022-12-28T15:57:24 IST" duration-ms="13403" status="PASS">
          <reporter-output>
          </reporter-output>
        </test-method> <!-- modify -->
        <test-method signature="deleteuser()[pri:7, instance:testngassignments.xmlassignment2@22ef9844]" started-at="2022-12-28T15:57:24 IST" name="deleteuser" finished-at="2022-12-28T15:57:33 IST" duration-ms="9312" status="PASS">
          <reporter-output>
          </reporter-output>
        </test-method> <!-- deleteuser -->
        <test-method signature="logout()[pri:8, instance:testngassignments.xmlassignment2@22ef9844]" started-at="2022-12-28T15:57:33 IST" name="logout" finished-at="2022-12-28T15:57:38 IST" duration-ms="5387" status="PASS">
          <reporter-output>
          </reporter-output>
        </test-method> <!-- logout -->
        <test-method signature="closeapplication()[pri:9, instance:testngassignments.xmlassignment2@22ef9844]" started-at="2022-12-28T15:57:38 IST" name="closeapplication" finished-at="2022-12-28T15:57:41 IST" duration-ms="2413" status="PASS">
          <reporter-output>
          </reporter-output>
        </test-method> <!-- closeapplication -->
      </class> <!-- testngassignments.xmlassignment2 -->
      <class name="testngassignments.xmlassignment4">
        <test-method signature="launchbrowser()[pri:1, instance:testngassignments.xmlassignment4@3b6ddd1d]" started-at="2022-12-28T16:02:38 IST" name="launchbrowser" finished-at="2022-12-28T16:02:46 IST" duration-ms="7400" status="PASS">
          <reporter-output>
          </reporter-output>
        </test-method> <!-- launchbrowser -->
        <test-method signature="navigation()[pri:2, instance:testngassignments.xmlassignment4@3b6ddd1d]" started-at="2022-12-28T16:02:46 IST" name="navigation" finished-at="2022-12-28T16:02:56 IST" duration-ms="10500" status="PASS">
          <reporter-output>
          </reporter-output>
        </test-method> <!-- navigation -->
        <test-method signature="login()[pri:3, instance:testngassignments.xmlassignment4@3b6ddd1d]" started-at="2022-12-28T16:02:56 IST" name="login" finished-at="2022-12-28T16:03:01 IST" duration-ms="5317" status="PASS">
          <reporter-output>
          </reporter-output>
        </test-method> <!-- login -->
        <test-method signature="minimize()[pri:4, instance:testngassignments.xmlassignment4@3b6ddd1d]" started-at="2022-12-28T16:03:01 IST" name="minimize" finished-at="2022-12-28T16:03:07 IST" duration-ms="5166" status="PASS">
          <reporter-output>
          </reporter-output>
        </test-method> <!-- minimize -->
        <test-method signature="newcustomer()[pri:5, instance:testngassignments.xmlassignment4@3b6ddd1d]" started-at="2022-12-28T16:03:07 IST" name="newcustomer" finished-at="2022-12-28T16:03:22 IST" duration-ms="15702" status="PASS">
          <reporter-output>
          </reporter-output>
        </test-method> <!-- newcustomer -->
        <test-method signature="deletecustomer()[pri:6, instance:testngassignments.xmlassignment4@3b6ddd1d]" started-at="2022-12-28T16:03:22 IST" name="deletecustomer" finished-at="2022-12-28T16:03:32 IST" duration-ms="9422" status="PASS">
          <reporter-output>
          </reporter-output>
        </test-method> <!-- deletecustomer -->
        <test-method signature="logout()[pri:7, instance:testngassignments.xmlassignment4@3b6ddd1d]" started-at="2022-12-28T16:03:32 IST" name="logout" finished-at="2022-12-28T16:03:37 IST" duration-ms="5384" status="PASS">
          <reporter-output>
          </reporter-output>
        </test-method> <!-- logout -->
        <test-method signature="closeapplication()[pri:8, instance:testngassignments.xmlassignment4@3b6ddd1d]" started-at="2022-12-28T16:03:37 IST" name="closeapplication" finished-at="2022-12-28T16:03:39 IST" duration-ms="2360" status="PASS">
          <reporter-output>
          </reporter-output>
        </test-method> <!-- closeapplication -->
      </class> <!-- testngassignments.xmlassignment4 -->
    </test> <!-- all assignments -->
  </suite> <!-- assignments -->
</testng-results>
